# JRE version: OpenJDK Runtime Environment (8.0_332-b08) (build 1.8.0_332-b08)
# Java VM: OpenJDK 64-Bit Server VM (25.332-b08 mixed mode windows-amd64 compressed oops)
Heap:
 PSYoungGen      total 1431552K, used 79933K [0x0000000755a00000, 0x00000007bf480000, 0x00000007c0000000)
  eden space 1235456K, 0% used [0x0000000755a00000,0x0000000755a00000,0x00000007a1080000)
  from space 196096K, 40% used [0x00000007a1080000,0x00000007a5e8f620,0x00000007ad000000)
  to   space 185344K, 0% used [0x00000007b3f80000,0x00000007b3f80000,0x00000007bf480000)
 ParOldGen       total 628736K, used 549520K [0x0000000680e00000, 0x00000006a7400000, 0x0000000755a00000)
  object space 628736K, 87% used [0x0000000680e00000,0x00000006a26a42c0,0x00000006a7400000)
 Metaspace       used 66890K, capacity 71259K, committed 71600K, reserved 1110016K
  class space    used 9194K, capacity 10037K, committed 10160K, reserved 1048576K
GC Heap History (10 events):
Event: 39.806 GC heap after
Heap after GC invocations=21 (full 4):
 PSYoungGen      total 1033216K, used 151050K [0x0000000755a00000, 0x00000007ac880000, 0x00000007c0000000)
  eden space 851456K, 0% used [0x0000000755a00000,0x0000000755a00000,0x0000000789980000)
  from space 181760K, 83% used [0x0000000789980000,0x0000000792d02a78,0x0000000794b00000)
  to   space 201216K, 0% used [0x00000007a0400000,0x00000007a0400000,0x00000007ac880000)
 ParOldGen       total 628736K, used 315207K [0x0000000680e00000, 0x00000006a7400000, 0x0000000755a00000)
  object space 628736K, 50% used [0x0000000680e00000,0x00000006941d1ed8,0x00000006a7400000)
 Metaspace       used 66042K, capacity 69979K, committed 70064K, reserved 1110016K
  class space    used 9087K, capacity 9845K, committed 9904K, reserved 1048576K
}
Event: 41.019 GC heap before
{Heap before GC invocations=22 (full 4):
 PSYoungGen      total 1033216K, used 1002399K [0x0000000755a00000, 0x00000007ac880000, 0x00000007c0000000)
  eden space 851456K, 99% used [0x0000000755a00000,0x00000007899653a0,0x0000000789980000)
  from space 181760K, 83% used [0x0000000789980000,0x0000000792d02a78,0x0000000794b00000)
  to   space 201216K, 0% used [0x00000007a0400000,0x00000007a0400000,0x00000007ac880000)
 ParOldGen       total 628736K, used 315207K [0x0000000680e00000, 0x00000006a7400000, 0x0000000755a00000)
  object space 628736K, 50% used [0x0000000680e00000,0x00000006941d1ed8,0x00000006a7400000)
 Metaspace       used 66299K, capacity 70337K, committed 70576K, reserved 1110016K
  class space    used 9115K, capacity 9894K, committed 9904K, reserved 1048576K
Event: 41.084 GC heap after
Heap after GC invocations=22 (full 4):
 PSYoungGen      total 1211904K, used 139370K [0x0000000755a00000, 0x00000007af500000, 0x00000007c0000000)
  eden space 1010688K, 0% used [0x0000000755a00000,0x0000000755a00000,0x0000000793500000)
  from space 201216K, 69% used [0x00000007a0400000,0x00000007a8c1aa60,0x00000007ac880000)
  to   space 211968K, 0% used [0x0000000793500000,0x0000000793500000,0x00000007a0400000)
 ParOldGen       total 628736K, used 385094K [0x0000000680e00000, 0x00000006a7400000, 0x0000000755a00000)
  object space 628736K, 61% used [0x0000000680e00000,0x0000000698611990,0x00000006a7400000)
 Metaspace       used 66299K, capacity 70337K, committed 70576K, reserved 1110016K
  class space    used 9115K, capacity 9894K, committed 9904K, reserved 1048576K
}
Event: 42.410 GC heap before
{Heap before GC invocations=23 (full 4):
 PSYoungGen      total 1211904K, used 1150058K [0x0000000755a00000, 0x00000007af500000, 0x00000007c0000000)
  eden space 1010688K, 100% used [0x0000000755a00000,0x0000000793500000,0x0000000793500000)
  from space 201216K, 69% used [0x00000007a0400000,0x00000007a8c1aa60,0x00000007ac880000)
  to   space 211968K, 0% used [0x0000000793500000,0x0000000793500000,0x00000007a0400000)
 ParOldGen       total 628736K, used 385094K [0x0000000680e00000, 0x00000006a7400000, 0x0000000755a00000)
  object space 628736K, 61% used [0x0000000680e00000,0x0000000698611990,0x00000006a7400000)
 Metaspace       used 66320K, capacity 70401K, committed 70576K, reserved 1110016K
  class space    used 9115K, capacity 9894K, committed 9904K, reserved 1048576K
Event: 42.448 GC heap after
Heap after GC invocations=23 (full 4):
 PSYoungGen      total 1222656K, used 66149K [0x0000000755a00000, 0x00000007b9f00000, 0x00000007c0000000)
  eden space 1010688K, 0% used [0x0000000755a00000,0x0000000755a00000,0x0000000793500000)
  from space 211968K, 31% used [0x0000000793500000,0x00000007975997e0,0x00000007a0400000)
  to   space 202240K, 0% used [0x00000007ad980000,0x00000007ad980000,0x00000007b9f00000)
 ParOldGen       total 628736K, used 457918K [0x0000000680e00000, 0x00000006a7400000, 0x0000000755a00000)
  object space 628736K, 72% used [0x0000000680e00000,0x000000069cd2fac8,0x00000006a7400000)
 Metaspace       used 66320K, capacity 70401K, committed 70576K, reserved 1110016K
  class space    used 9115K, capacity 9894K, committed 9904K, reserved 1048576K
}
Event: 43.749 GC heap before
{Heap before GC invocations=24 (full 4):
 PSYoungGen      total 1222656K, used 1076837K [0x0000000755a00000, 0x00000007b9f00000, 0x00000007c0000000)
  eden space 1010688K, 100% used [0x0000000755a00000,0x0000000793500000,0x0000000793500000)
  from space 211968K, 31% used [0x0000000793500000,0x00000007975997e0,0x00000007a0400000)
  to   space 202240K, 0% used [0x00000007ad980000,0x00000007ad980000,0x00000007b9f00000)
 ParOldGen       total 628736K, used 457918K [0x0000000680e00000, 0x00000006a7400000, 0x0000000755a00000)
  object space 628736K, 72% used [0x0000000680e00000,0x000000069cd2fac8,0x00000006a7400000)
 Metaspace       used 66499K, capacity 70665K, committed 70960K, reserved 1110016K
  class space    used 9140K, capacity 9938K, committed 10032K, reserved 1048576K
Event: 43.781 GC heap after
Heap after GC invocations=24 (full 4):
 PSYoungGen      total 1421824K, used 44580K [0x0000000755a00000, 0x00000007b8f80000, 0x00000007c0000000)
  eden space 1235456K, 0% used [0x0000000755a00000,0x0000000755a00000,0x00000007a1080000)
  from space 186368K, 23% used [0x00000007ad980000,0x00000007b0509360,0x00000007b8f80000)
  to   space 196096K, 0% used [0x00000007a1080000,0x00000007a1080000,0x00000007ad000000)
 ParOldGen       total 628736K, used 520586K [0x0000000680e00000, 0x00000006a7400000, 0x0000000755a00000)
  object space 628736K, 82% used [0x0000000680e00000,0x00000006a0a62828,0x00000006a7400000)
 Metaspace       used 66499K, capacity 70665K, committed 70960K, reserved 1110016K
  class space    used 9140K, capacity 9938K, committed 10032K, reserved 1048576K
}
Event: 45.244 GC heap before
{Heap before GC invocations=25 (full 4):
 PSYoungGen      total 1421824K, used 1280036K [0x0000000755a00000, 0x00000007b8f80000, 0x00000007c0000000)
  eden space 1235456K, 100% used [0x0000000755a00000,0x00000007a1080000,0x00000007a1080000)
  from space 186368K, 23% used [0x00000007ad980000,0x00000007b0509360,0x00000007b8f80000)
  to   space 196096K, 0% used [0x00000007a1080000,0x00000007a1080000,0x00000007ad000000)
 ParOldGen       total 628736K, used 520586K [0x0000000680e00000, 0x00000006a7400000, 0x0000000755a00000)
  object space 628736K, 82% used [0x0000000680e00000,0x00000006a0a62828,0x00000006a7400000)
 Metaspace       used 66890K, capacity 71259K, committed 71600K, reserved 1110016K
  class space    used 9194K, capacity 10037K, committed 10160K, reserved 1048576K
Event: 45.274 GC heap after
Heap after GC invocations=25 (full 4):
 PSYoungGen      total 1431552K, used 79933K [0x0000000755a00000, 0x00000007bf480000, 0x00000007c0000000)
  eden space 1235456K, 0% used [0x0000000755a00000,0x0000000755a00000,0x00000007a1080000)
  from space 196096K, 40% used [0x00000007a1080000,0x00000007a5e8f620,0x00000007ad000000)
  to   space 185344K, 0% used [0x00000007b3f80000,0x00000007b3f80000,0x00000007bf480000)
 ParOldGen       total 628736K, used 549520K [0x0000000680e00000, 0x00000006a7400000, 0x0000000755a00000)
  object space 628736K, 87% used [0x0000000680e00000,0x00000006a26a42c0,0x00000006a7400000)
 Metaspace       used 66890K, capacity 71259K, committed 71600K, reserved 1110016K
  class space    used 9194K, capacity 10037K, committed 10160K, reserved 1048576K
}
Event: 45.274 GC heap before
{Heap before GC invocations=26 (full 5):
 PSYoungGen      total 1431552K, used 79933K [0x0000000755a00000, 0x00000007bf480000, 0x00000007c0000000)
  eden space 1235456K, 0% used [0x0000000755a00000,0x0000000755a00000,0x00000007a1080000)
  from space 196096K, 40% used [0x00000007a1080000,0x00000007a5e8f620,0x00000007ad000000)
  to   space 185344K, 0% used [0x00000007b3f80000,0x00000007b3f80000,0x00000007bf480000)
 ParOldGen       total 628736K, used 549520K [0x0000000680e00000, 0x00000006a7400000, 0x0000000755a00000)
  object space 628736K, 87% used [0x0000000680e00000,0x00000006a26a42c0,0x00000006a7400000)
 Metaspace       used 66890K, capacity 71259K, committed 71600K, reserved 1110016K
  class space    used 9194K, capacity 10037K, committed 10160K, reserved 1048576K

